Using pre-set license
Built from '2020.2/release' branch; Version is '2020.2.2f1 (068178b99f32) revision 426360'; Using compiler version '192528614'; Build Type 'Release'
OS: 'Windows 10 Pro; OS build 19042.928; Version 2009; 64bit' Language: 'en' Physical Memory: 32645 MB
BatchMode: 1, IsHumanControllingUs: 0, StartBugReporterOnCrash: 0, Is64bit: 1, IsPro: 0

 COMMAND LINE ARGUMENTS:
C:\Program Files\Unity\Editor\Unity.exe
-adb2
-batchMode
-noUpm
-name
AssetImportWorker0
-projectPath
C:/Users/lalal/Documents/Class Projects/Polish Builds - Shader Coding
-logFile
Logs/AssetImportWorker0.log
-srvPort
55730
Successfully changed project path to: C:/Users/lalal/Documents/Class Projects/Polish Builds - Shader Coding
C:/Users/lalal/Documents/Class Projects/Polish Builds - Shader Coding
Using Asset Import Pipeline V2.
Refreshing native plugins compatible for Editor in 38.77 ms, found 9 plugins.
Preloading 0 native plugins for Editor in 0.00 ms.
Initialize engine version: 2020.2.2f1 (068178b99f32)
[Subsystems] Discovering subsystems at path C:/Program Files/Unity/Editor/Data/Resources/UnitySubsystems
[Subsystems] Discovering subsystems at path C:/Users/lalal/Documents/Class Projects/Polish Builds - Shader Coding/Assets
GfxDevice: creating device client; threaded=0
Direct3D:
    Version:  Direct3D 11.0 [level 11.1]
    Renderer: NVIDIA GeForce RTX 2070 with Max-Q Design (ID=0x1f50)
    Vendor:   
    VRAM:     8031 MB
    Driver:   27.21.14.6192
Initialize mono
Mono path[0] = 'C:/Program Files/Unity/Editor/Data/Managed'
Mono path[1] = 'C:/Program Files/Unity/Editor/Data/MonoBleedingEdge/lib/mono/unityjit'
Mono config path = 'C:/Program Files/Unity/Editor/Data/MonoBleedingEdge/etc'
Using monoOptions --debugger-agent=transport=dt_socket,embedding=1,server=y,suspend=n,address=127.0.0.1:56756
Begin MonoManager ReloadAssembly
Registering precompiled unity dll's ...
Register platform support module: C:/Program Files/Unity/Editor/Data/PlaybackEngines/WindowsStandaloneSupport/UnityEditor.WindowsStandalone.Extensions.dll
Registered in 0.002842 seconds.
Native extension for WindowsStandalone target not found
Refreshing native plugins compatible for Editor in 43.10 ms, found 9 plugins.
Preloading 0 native plugins for Editor in 0.00 ms.
Invoked RoslynAnalysisRunner static constructor.
RoslynAnalysisRunner will not be running.
RoslynAnalysisRunner has terminated.
Mono: successfully reloaded assembly
- Completed reload, in  1.129 seconds
Platform modules already initialized, skipping
Registering precompiled user dll's ...
Registered in 0.002599 seconds.
Begin MonoManager ReloadAssembly
Native extension for WindowsStandalone target not found
Refreshing native plugins compatible for Editor in 0.38 ms, found 9 plugins.
Preloading 0 native plugins for Editor in 0.00 ms.
Invoked RoslynAnalysisRunner static constructor.
RoslynAnalysisRunner will not be running.
RoslynAnalysisRunner has terminated.
Mono: successfully reloaded assembly
- Completed reload, in  0.853 seconds
Platform modules already initialized, skipping
========================================================================
Worker process is ready to serve import requests
Launched and connected shader compiler UnityShaderCompiler.exe after 0.05 seconds
Refreshing native plugins compatible for Editor in 0.42 ms, found 9 plugins.
Preloading 0 native plugins for Editor in 0.00 ms.
Unloading 1422 Unused Serialized files (Serialized files now loaded: 0)
System memory in use before: 150.5 MB.
System memory in use after: 150.5 MB.

Unloading 23 unused Assets to reduce memory usage. Loaded Objects now: 1874.
Total: 1.797000 ms (FindLiveObjects: 0.194200 ms CreateObjectMapping: 0.083200 ms MarkObjects: 1.418300 ms  DeleteObjects: 0.100100 ms)

========================================================================
Received Import Request.
  path: Assets/SHADER CODING
  artifactKey: Guid(e4e75bc8837695e4dbcb10db6abfffef) Importer(815301076,1909f56bfc062723c751e8b465ee728b)
Start importing Assets/SHADER CODING using Guid(e4e75bc8837695e4dbcb10db6abfffef) Importer(815301076,1909f56bfc062723c751e8b465ee728b)  -> (artifact id: '8e447a5ac279abca9ba60c0595f5d3ad') in 0.008302 seconds
  Import took 0.010866 seconds .

========================================================================
Received Import Request.
  Time since last request: 5.054094 seconds.
  path: Assets/SHADER CODING/Lighting.shader
  artifactKey: Guid(65f2f42169b4de7429d341a5cc2b5887) Importer(815301076,1909f56bfc062723c751e8b465ee728b)
Start importing Assets/SHADER CODING/Lighting.shader using Guid(65f2f42169b4de7429d341a5cc2b5887) Importer(815301076,1909f56bfc062723c751e8b465ee728b)  -> (artifact id: '5d44350c4c3e55f0203c405dc33189ee') in 0.036269 seconds
  Import took 0.038594 seconds .

========================================================================
Received Import Request.
  Time since last request: 210.363391 seconds.
  path: Assets/ART
  artifactKey: Guid(60c1fb4bbc60a9a41bfbd1b8790e006a) Importer(815301076,1909f56bfc062723c751e8b465ee728b)
Start importing Assets/ART using Guid(60c1fb4bbc60a9a41bfbd1b8790e006a) Importer(815301076,1909f56bfc062723c751e8b465ee728b)  -> (artifact id: '70dc2bf4ebd3c9acc06373b36842244c') in 0.008477 seconds
  Import took 0.011833 seconds .

========================================================================
Received Prepare
Registering precompiled user dll's ...
Registered in 0.002620 seconds.
Begin MonoManager ReloadAssembly
Native extension for WindowsStandalone target not found
Refreshing native plugins compatible for Editor in 0.39 ms, found 9 plugins.
Preloading 0 native plugins for Editor in 0.00 ms.
Invoked RoslynAnalysisRunner static constructor.
RoslynAnalysisRunner will not be running.
RoslynAnalysisRunner has terminated.
Mono: successfully reloaded assembly
- Completed reload, in  0.849 seconds
Platform modules already initialized, skipping
Refreshing native plugins compatible for Editor in 0.40 ms, found 9 plugins.
Preloading 0 native plugins for Editor in 0.00 ms.
Unloading 1361 Unused Serialized files (Serialized files now loaded: 0)
System memory in use before: 147.1 MB.
System memory in use after: 147.1 MB.

Unloading 15 unused Assets to reduce memory usage. Loaded Objects now: 1876.
Total: 1.817100 ms (FindLiveObjects: 0.173400 ms CreateObjectMapping: 0.054400 ms MarkObjects: 1.502700 ms  DeleteObjects: 0.085500 ms)

========================================================================
Received Prepare
Registering precompiled user dll's ...
Registered in 0.003730 seconds.
Begin MonoManager ReloadAssembly
Native extension for WindowsStandalone target not found
Refreshing native plugins compatible for Editor in 0.41 ms, found 9 plugins.
Preloading 0 native plugins for Editor in 0.00 ms.
Invoked RoslynAnalysisRunner static constructor.
RoslynAnalysisRunner will not be running.
RoslynAnalysisRunner has terminated.
Mono: successfully reloaded assembly
- Completed reload, in  0.827 seconds
Platform modules already initialized, skipping
Refreshing native plugins compatible for Editor in 0.46 ms, found 9 plugins.
Preloading 0 native plugins for Editor in 0.00 ms.
Unloading 1361 Unused Serialized files (Serialized files now loaded: 0)
System memory in use before: 147.1 MB.
System memory in use after: 147.1 MB.

Unloading 15 unused Assets to reduce memory usage. Loaded Objects now: 1878.
Total: 1.890100 ms (FindLiveObjects: 0.236600 ms CreateObjectMapping: 0.050700 ms MarkObjects: 1.512900 ms  DeleteObjects: 0.089000 ms)

========================================================================
Received Import Request.
  Time since last request: 23.296791 seconds.
  path: Assets/Sherbbs Particle Collection
  artifactKey: Guid(bff23f5603630e9468017579379af1de) Importer(815301076,1909f56bfc062723c751e8b465ee728b)
Start importing Assets/Sherbbs Particle Collection using Guid(bff23f5603630e9468017579379af1de) Importer(815301076,1909f56bfc062723c751e8b465ee728b)  -> (artifact id: 'bc93f42cb359d2d320dbf2f01ef65d63') in 0.008520 seconds
  Import took 0.011250 seconds .

========================================================================
Received Import Request.
  Time since last request: 2.240537 seconds.
  path: Assets/TutorialInfo
  artifactKey: Guid(77c780bf9cd02e441b1de46f397200cf) Importer(815301076,1909f56bfc062723c751e8b465ee728b)
Start importing Assets/TutorialInfo using Guid(77c780bf9cd02e441b1de46f397200cf) Importer(815301076,1909f56bfc062723c751e8b465ee728b)  -> (artifact id: '9633961e4413981b64f254545d758da1') in 0.006464 seconds
  Import took 0.009106 seconds .

========================================================================
Received Import Request.
  Time since last request: 1.336216 seconds.
  path: Assets/TutorialInfo/Scripts
  artifactKey: Guid(a68c269571cfc7a4f8eb6f1f3e384f71) Importer(815301076,1909f56bfc062723c751e8b465ee728b)
Start importing Assets/TutorialInfo/Scripts using Guid(a68c269571cfc7a4f8eb6f1f3e384f71) Importer(815301076,1909f56bfc062723c751e8b465ee728b)  -> (artifact id: '250bf5343eec5f0d1fef2b9fba582a61') in 0.007169 seconds
  Import took 0.009966 seconds .

========================================================================
Received Import Request.
  Time since last request: 10.252384 seconds.
  path: Assets/NVIDIA
  artifactKey: Guid(6eb7215877b1c17468680862f6443406) Importer(815301076,1909f56bfc062723c751e8b465ee728b)
Start importing Assets/NVIDIA using Guid(6eb7215877b1c17468680862f6443406) Importer(815301076,1909f56bfc062723c751e8b465ee728b)  -> (artifact id: '29ca31b4ca55c0770e40f1da6ed14f6e') in 0.008595 seconds
  Import took 0.012337 seconds .

========================================================================
Received Prepare
Registering precompiled user dll's ...
Registered in 0.002670 seconds.
Begin MonoManager ReloadAssembly
Native extension for WindowsStandalone target not found
Refreshing native plugins compatible for Editor in 0.40 ms, found 9 plugins.
Preloading 0 native plugins for Editor in 0.00 ms.
Invoked RoslynAnalysisRunner static constructor.
RoslynAnalysisRunner will not be running.
RoslynAnalysisRunner has terminated.
Mono: successfully reloaded assembly
- Completed reload, in  0.861 seconds
Platform modules already initialized, skipping
Refreshing native plugins compatible for Editor in 0.48 ms, found 9 plugins.
Preloading 0 native plugins for Editor in 0.00 ms.
Unloading 1361 Unused Serialized files (Serialized files now loaded: 0)
System memory in use before: 147.1 MB.
System memory in use after: 147.2 MB.

Unloading 15 unused Assets to reduce memory usage. Loaded Objects now: 1880.
Total: 1.723900 ms (FindLiveObjects: 0.174100 ms CreateObjectMapping: 0.047500 ms MarkObjects: 1.415300 ms  DeleteObjects: 0.085700 ms)

========================================================================
Received Import Request.
  Time since last request: 3.912774 seconds.
  path: Assets/Shared
  artifactKey: Guid(d20707e94d6582c4bb82c70bda7918f0) Importer(815301076,1909f56bfc062723c751e8b465ee728b)
Start importing Assets/Shared using Guid(d20707e94d6582c4bb82c70bda7918f0) Importer(815301076,1909f56bfc062723c751e8b465ee728b)  -> (artifact id: 'f1713506c0f1a0c613bc6d479ec6540c') in 0.008369 seconds
  Import took 0.011289 seconds .

========================================================================
Received Import Request.
  Time since last request: 2.305121 seconds.
  path: Assets/Shared/Scripts
  artifactKey: Guid(bd22c1c7cfb6a0f469bbe1805930df50) Importer(815301076,1909f56bfc062723c751e8b465ee728b)
Start importing Assets/Shared/Scripts using Guid(bd22c1c7cfb6a0f469bbe1805930df50) Importer(815301076,1909f56bfc062723c751e8b465ee728b)  -> (artifact id: '31206afc76368499706d545b16451761') in 0.003553 seconds
  Import took 0.007135 seconds .

========================================================================
Received Import Request.
  Time since last request: 16.568775 seconds.
  path: Assets/Shared/Prefabs
  artifactKey: Guid(40699bdce656c484c9aa24320556cf4f) Importer(815301076,1909f56bfc062723c751e8b465ee728b)
Start importing Assets/Shared/Prefabs using Guid(40699bdce656c484c9aa24320556cf4f) Importer(815301076,1909f56bfc062723c751e8b465ee728b)  -> (artifact id: '4c9a081e447b9ceae5f4c24ed219cc75') in 0.008443 seconds
  Import took 0.015840 seconds .

========================================================================
Received Import Request.
  Time since last request: 0.050334 seconds.
  path: Assets/Shared/Prefabs/Player.prefab
  artifactKey: Guid(6fcc382533eeddd4cb59b9e20acca545) Importer(815301076,1909f56bfc062723c751e8b465ee728b)
Start importing Assets/Shared/Prefabs/Player.prefab using Guid(6fcc382533eeddd4cb59b9e20acca545) Importer(815301076,1909f56bfc062723c751e8b465ee728b)  -> (artifact id: 'f1428c186076ff4759b885724e274fe6') in 0.529926 seconds
  Import took 0.533258 seconds .

========================================================================
Received Import Request.
  Time since last request: 0.000200 seconds.
  path: Assets/Shared/Prefabs/WorldSpaceLabel.prefab
  artifactKey: Guid(ee8ad5531e02f4f0eb2d4187ec62c699) Importer(815301076,1909f56bfc062723c751e8b465ee728b)
Start importing Assets/Shared/Prefabs/WorldSpaceLabel.prefab using Guid(ee8ad5531e02f4f0eb2d4187ec62c699) Importer(815301076,1909f56bfc062723c751e8b465ee728b)  -> (artifact id: '62aa2cf63417ac101a9a6dd70a26f720') in 0.086405 seconds
  Import took 0.089029 seconds .

========================================================================
Received Import Request.
  Time since last request: 2.780747 seconds.
  path: Assets/Shared/Environment/Prefabs
  artifactKey: Guid(39c8d8ec6c0e67648b30fb0dd38b37c0) Importer(815301076,1909f56bfc062723c751e8b465ee728b)
Start importing Assets/Shared/Environment/Prefabs using Guid(39c8d8ec6c0e67648b30fb0dd38b37c0) Importer(815301076,1909f56bfc062723c751e8b465ee728b)  -> (artifact id: 'eb4442b354f771d5a1cfd07095a664d8') in 0.002843 seconds
  Import took 0.005736 seconds .

========================================================================
Received Import Request.
  Time since last request: 0.052360 seconds.
  path: Assets/Shared/Environment/Prefabs/CornerWall.prefab
  artifactKey: Guid(21617474d5ac06548b6020406dbe6e6b) Importer(815301076,1909f56bfc062723c751e8b465ee728b)
Start importing Assets/Shared/Environment/Prefabs/CornerWall.prefab using Guid(21617474d5ac06548b6020406dbe6e6b) Importer(815301076,1909f56bfc062723c751e8b465ee728b)  -> (artifact id: 'e59b36948675b91ae455b9958be9ccbc') in 0.228855 seconds
  Import took 0.232925 seconds .

========================================================================
Received Import Request.
  Time since last request: 0.000294 seconds.
  path: Assets/Shared/Environment/Prefabs/LongOverhangWall.prefab
  artifactKey: Guid(c5aa08609f3d9f547aca9af1d6c18070) Importer(815301076,1909f56bfc062723c751e8b465ee728b)
Start importing Assets/Shared/Environment/Prefabs/LongOverhangWall.prefab using Guid(c5aa08609f3d9f547aca9af1d6c18070) Importer(815301076,1909f56bfc062723c751e8b465ee728b)  -> (artifact id: 'b3f1c095ad3bdbaf4862e74ef600d006') in 0.055959 seconds
  Import took 0.060227 seconds .

========================================================================
Received Import Request.
  Time since last request: 0.000316 seconds.
  path: Assets/Shared/Environment/Prefabs/SideWall.prefab
  artifactKey: Guid(2ed68cc4c6f4c5d42bb123a2bc92d4d9) Importer(815301076,1909f56bfc062723c751e8b465ee728b)
Start importing Assets/Shared/Environment/Prefabs/SideWall.prefab using Guid(2ed68cc4c6f4c5d42bb123a2bc92d4d9) Importer(815301076,1909f56bfc062723c751e8b465ee728b)  -> (artifact id: 'a8b8852afb5cf2c99001f21574b0252b') in 0.033249 seconds
  Import took 0.036510 seconds .

========================================================================
Received Import Request.
  Time since last request: 0.000298 seconds.
  path: Assets/Shared/Environment/Prefabs/SmallLight.prefab
  artifactKey: Guid(7eb44e6d0f419324b83e33d3678c4f4f) Importer(815301076,1909f56bfc062723c751e8b465ee728b)
Start importing Assets/Shared/Environment/Prefabs/SmallLight.prefab using Guid(7eb44e6d0f419324b83e33d3678c4f4f) Importer(815301076,1909f56bfc062723c751e8b465ee728b)  -> (artifact id: '851069482bfa5725c7e4ab65487ba63f') in 0.016913 seconds
  Import took 0.019767 seconds .

========================================================================
Received Import Request.
  Time since last request: 0.000239 seconds.
  path: Assets/Shared/Environment/Prefabs/EndWall.prefab
  artifactKey: Guid(a53fe34087284794dbe0aad895670634) Importer(815301076,1909f56bfc062723c751e8b465ee728b)
Start importing Assets/Shared/Environment/Prefabs/EndWall.prefab using Guid(a53fe34087284794dbe0aad895670634) Importer(815301076,1909f56bfc062723c751e8b465ee728b)  -> (artifact id: '8ae0dfd1534da2a41a701f12e8688acb') in 0.033269 seconds
  Import took 0.036568 seconds .

========================================================================
Received Import Request.
  Time since last request: 0.000294 seconds.
  path: Assets/Shared/Environment/Prefabs/Railing.prefab
  artifactKey: Guid(e06ec3bfe7bdb824ba30d9b927c012f2) Importer(815301076,1909f56bfc062723c751e8b465ee728b)
Start importing Assets/Shared/Environment/Prefabs/Railing.prefab using Guid(e06ec3bfe7bdb824ba30d9b927c012f2) Importer(815301076,1909f56bfc062723c751e8b465ee728b)  -> (artifact id: '7ec2c1af56fe1cd6b545dc24a3ea96d0') in 0.041095 seconds
  Import took 0.043867 seconds .

========================================================================
Received Import Request.
  Time since last request: 0.000219 seconds.
  path: Assets/Shared/Environment/Prefabs/FloorShort.prefab
  artifactKey: Guid(020c53dc8ae609f4c9ddc4cbe9d3b4df) Importer(815301076,1909f56bfc062723c751e8b465ee728b)
Start importing Assets/Shared/Environment/Prefabs/FloorShort.prefab using Guid(020c53dc8ae609f4c9ddc4cbe9d3b4df) Importer(815301076,1909f56bfc062723c751e8b465ee728b)  -> (artifact id: '3e835071176d6a92f199e847f96794b2') in 0.039983 seconds
  Import took 0.044013 seconds .

========================================================================
Received Import Request.
  Time since last request: 0.000247 seconds.
  path: Assets/Shared/Environment/Prefabs/Step.prefab
  artifactKey: Guid(21f4ee7b875c5614bae545ccd6c7652e) Importer(815301076,1909f56bfc062723c751e8b465ee728b)
Start importing Assets/Shared/Environment/Prefabs/Step.prefab using Guid(21f4ee7b875c5614bae545ccd6c7652e) Importer(815301076,1909f56bfc062723c751e8b465ee728b)  -> (artifact id: '793934357766d7092f7e9edf6044ecc8') in 0.031559 seconds
  Import took 0.034460 seconds .

========================================================================
Received Import Request.
  Time since last request: 0.000210 seconds.
  path: Assets/Shared/Environment/Prefabs/FloorLong.prefab
  artifactKey: Guid(364e3c46cc3cab14190de95b5e46dcfc) Importer(815301076,1909f56bfc062723c751e8b465ee728b)
Start importing Assets/Shared/Environment/Prefabs/FloorLong.prefab using Guid(364e3c46cc3cab14190de95b5e46dcfc) Importer(815301076,1909f56bfc062723c751e8b465ee728b)  -> (artifact id: '8a3cca0ad89393f3d64778e92872dfe2') in 0.042910 seconds
  Import took 0.047580 seconds .

========================================================================
Received Import Request.
  Time since last request: 0.000350 seconds.
  path: Assets/Shared/Environment/Prefabs/FloorTiny.prefab
  artifactKey: Guid(8e1da52275f7dd14982d99253940530e) Importer(815301076,1909f56bfc062723c751e8b465ee728b)
Start importing Assets/Shared/Environment/Prefabs/FloorTiny.prefab using Guid(8e1da52275f7dd14982d99253940530e) Importer(815301076,1909f56bfc062723c751e8b465ee728b)  -> (artifact id: '037a5474275150543d8699de002268a1') in 0.031231 seconds
  Import took 0.034517 seconds .

========================================================================
Received Import Request.
  Time since last request: 0.000271 seconds.
  path: Assets/Shared/Environment/Prefabs/FloorMiddle.prefab
  artifactKey: Guid(4a71a58a3a7116c4a8aabbf8699066aa) Importer(815301076,1909f56bfc062723c751e8b465ee728b)
Start importing Assets/Shared/Environment/Prefabs/FloorMiddle.prefab using Guid(4a71a58a3a7116c4a8aabbf8699066aa) Importer(815301076,1909f56bfc062723c751e8b465ee728b)  -> (artifact id: '5199c0c689737fd2c58fe854770cef76') in 0.030572 seconds
  Import took 0.033853 seconds .

========================================================================
Received Import Request.
  Time since last request: 0.000228 seconds.
  path: Assets/Shared/Environment/Prefabs/Stairs.prefab
  artifactKey: Guid(d40e6ae8e2813774882bcaf23d9a9cd6) Importer(815301076,1909f56bfc062723c751e8b465ee728b)
Start importing Assets/Shared/Environment/Prefabs/Stairs.prefab using Guid(d40e6ae8e2813774882bcaf23d9a9cd6) Importer(815301076,1909f56bfc062723c751e8b465ee728b)  -> (artifact id: 'e2188b15fba1c1e0537eaab71b440aa3') in 0.031146 seconds
  Import took 0.035562 seconds .

========================================================================
Received Import Request.
  Time since last request: 0.005205 seconds.
  path: Assets/Shared/Environment/Prefabs/Stairs.prefab
  artifactKey: Guid(d40e6ae8e2813774882bcaf23d9a9cd6) Importer(815301076,1909f56bfc062723c751e8b465ee728b)
Start importing Assets/Shared/Environment/Prefabs/Stairs.prefab using Guid(d40e6ae8e2813774882bcaf23d9a9cd6) Importer(815301076,1909f56bfc062723c751e8b465ee728b)  -> (artifact id: 'e2188b15fba1c1e0537eaab71b440aa3') in 0.021311 seconds
  Import took 0.024779 seconds .

========================================================================
Received Prepare
Registering precompiled user dll's ...
Registered in 0.002679 seconds.
Begin MonoManager ReloadAssembly
Native extension for WindowsStandalone target not found
Refreshing native plugins compatible for Editor in 0.40 ms, found 9 plugins.
Preloading 0 native plugins for Editor in 0.00 ms.
Invoked RoslynAnalysisRunner static constructor.
RoslynAnalysisRunner will not be running.
RoslynAnalysisRunner has terminated.
Mono: successfully reloaded assembly
- Completed reload, in  0.872 seconds
Platform modules already initialized, skipping
Refreshing native plugins compatible for Editor in 0.42 ms, found 9 plugins.
Preloading 0 native plugins for Editor in 0.00 ms.
Unloading 1361 Unused Serialized files (Serialized files now loaded: 0)
System memory in use before: 150.4 MB.
System memory in use after: 150.5 MB.

Unloading 15 unused Assets to reduce memory usage. Loaded Objects now: 1889.
Total: 2.298400 ms (FindLiveObjects: 0.170100 ms CreateObjectMapping: 0.053200 ms MarkObjects: 1.953300 ms  DeleteObjects: 0.120500 ms)

========================================================================
Received Import Request.
  Time since last request: 32.903626 seconds.
  path: Assets/Scenes/Lighting Stuff
  artifactKey: Guid(f1c25cae5d366b94bba0899612a4ba45) Importer(815301076,1909f56bfc062723c751e8b465ee728b)
Start importing Assets/Scenes/Lighting Stuff using Guid(f1c25cae5d366b94bba0899612a4ba45) Importer(815301076,1909f56bfc062723c751e8b465ee728b)  -> (artifact id: 'edb596ce244a8bbc188b5855bb0fc27b') in 0.009321 seconds
  Import took 0.012410 seconds .

AssetImportWorkerClient::OnTransportError - code=2 error=End of file
